<?xml version="1.0" encoding="UTF-8"?>
<!-- Generated by org.testng.reporters.JUnitReportReporter -->
<testsuite hostname="DESKTOP-4K8BJUH" failures="0" tests="2" name="cucumber.testngtestrunner" time="24.504" errors="0" timestamp="2024-04-15T11:49:37 IST" skipped="0">
  <testcase classname="cucumber.testngtestrunner" name="runScenario" time="10.507"/>
  <testcase classname="cucumber.testngtestrunner" name="runScenario" time="13.997"/>
</testsuite> <!-- cucumber.testngtestrunner -->
