<?xml version="1.0" encoding="UTF-8"?>
<!-- Generated by org.testng.reporters.JUnitReportReporter -->
<testsuite hostname="DESKTOP-4K8BJUH" failures="0" tests="1" name="cucumber.testngtestrunner" time="12.983" errors="0" timestamp="2024-04-15T12:10:35 IST" skipped="0">
  <testcase classname="cucumber.testngtestrunner" name="runScenario" time="12.983"/>
</testsuite> <!-- cucumber.testngtestrunner -->
